<?xml version="1.0" encoding="UTF-8"?>
<testng-results ignored="0" total="1" passed="1" failed="0" skipped="0">
  <reporter-output>
  </reporter-output>
  <suite started-at="2024-01-28T19:41:06 IST" name="Surefire suite" finished-at="2024-01-28T19:41:40 IST" duration-ms="33682">
    <groups>
    </groups>
    <test started-at="2024-01-28T19:41:06 IST" name="Surefire test" finished-at="2024-01-28T19:41:40 IST" duration-ms="33682">
      <class name="PublicApp.PublicApp.AppTest">
        <test-method signature="testApp()" started-at="2024-01-28T19:41:06 IST" name="testApp" finished-at="2024-01-28T19:41:06 IST" duration-ms="12" status="PASS">
          <reporter-output>
          </reporter-output>
        </test-method> <!-- testApp -->
      </class> <!-- PublicApp.PublicApp.AppTest -->
    </test> <!-- Surefire test -->
  </suite> <!-- Surefire suite -->
</testng-results>
